<?xml version="1.0" encoding="UTF-8"?>
<testng-results ignored="0" total="2" passed="2" failed="0" skipped="0">
  <reporter-output>
  </reporter-output>
  <suite started-at="2024-03-08T10:50:21 IST" name="Suite" finished-at="2024-03-08T10:50:52 IST" duration-ms="30685">
    <groups>
    </groups>
    <test started-at="2024-03-08T10:50:21 IST" name="chromeTest" finished-at="2024-03-08T10:50:42 IST" duration-ms="20899">
      <class name="testCases.TC_001_New_registration">
        <test-method is-config="true" signature="setup(java.lang.String)[pri:0, instance:testCases.TC_001_New_registration@4c12331b]" started-at="2024-03-08T10:50:21 IST" name="setup" finished-at="2024-03-08T10:50:27 IST" duration-ms="5631" status="PASS">
          <params>
            <param index="0">
              <value>
                <![CDATA[chrome]]>
              </value>
            </param>
          </params>
          <reporter-output>
          </reporter-output>
        </test-method> <!-- setup -->
        <test-method signature="registrationAccout()[pri:0, instance:testCases.TC_001_New_registration@4c12331b]" started-at="2024-03-08T10:50:27 IST" name="registrationAccout" finished-at="2024-03-08T10:50:32 IST" duration-ms="4771" status="PASS">
          <reporter-output>
          </reporter-output>
        </test-method> <!-- registrationAccout -->
        <test-method is-config="true" signature="close()[pri:0, instance:testCases.TC_001_New_registration@4c12331b]" started-at="2024-03-08T10:50:32 IST" name="close" finished-at="2024-03-08T10:50:42 IST" duration-ms="9480" status="PASS">
          <reporter-output>
          </reporter-output>
        </test-method> <!-- close -->
      </class> <!-- testCases.TC_001_New_registration -->
    </test> <!-- chromeTest -->
    <test started-at="2024-03-08T10:50:42 IST" name="EdgeTest" finished-at="2024-03-08T10:50:52 IST" duration-ms="9457">
      <class name="testCases.TC_001_New_registration">
        <test-method is-config="true" signature="setup(java.lang.String)[pri:0, instance:testCases.TC_001_New_registration@5dda768f]" started-at="2024-03-08T10:50:42 IST" name="setup" finished-at="2024-03-08T10:50:46 IST" duration-ms="3389" status="PASS">
          <params>
            <param index="0">
              <value>
                <![CDATA[edge]]>
              </value>
            </param>
          </params>
          <reporter-output>
          </reporter-output>
        </test-method> <!-- setup -->
        <test-method signature="registrationAccout()[pri:0, instance:testCases.TC_001_New_registration@5dda768f]" started-at="2024-03-08T10:50:46 IST" name="registrationAccout" finished-at="2024-03-08T10:50:51 IST" duration-ms="5080" status="PASS">
          <reporter-output>
          </reporter-output>
        </test-method> <!-- registrationAccout -->
        <test-method is-config="true" signature="close()[pri:0, instance:testCases.TC_001_New_registration@5dda768f]" started-at="2024-03-08T10:50:51 IST" name="close" finished-at="2024-03-08T10:50:52 IST" duration-ms="793" status="PASS">
          <reporter-output>
          </reporter-output>
        </test-method> <!-- close -->
      </class> <!-- testCases.TC_001_New_registration -->
    </test> <!-- EdgeTest -->
  </suite> <!-- Suite -->
</testng-results>
